{"C:\\Users\\mdasi\\OneDrive\\Desktop\\ReactNam\\src\\components\\Contact.js": {"path":"C:\\Users\\mdasi\\OneDrive\\Desktop\\ReactNam\\src\\components\\Contact.js","statementMap":{"0":{"start":{"line":27,"column":18},"end":{"line":55,"column":1}},"1":{"start":{"line":28,"column":2},"end":{"line":54,"column":4}}},"fnMap":{"0":{"name":"(anonymous_0)","decl":{"start":{"line":27,"column":18},"end":{"line":27,"column":19}},"loc":{"start":{"line":27,"column":24},"end":{"line":55,"column":1}},"line":27}},"branchMap":{},"s":{"0":1,"1":2},"f":{"0":2},"b":{},"_coverageSchema":"1a1c01bbd47fc00a2c39e90264f33305004495a9","hash":"8f76040fc42905df7c25c0f381b54ede8a48a5c9"}
,"C:\\Users\\mdasi\\OneDrive\\Desktop\\ReactNam\\src\\components\\Header.js": {"path":"C:\\Users\\mdasi\\OneDrive\\Desktop\\ReactNam\\src\\components\\Header.js","statementMap":{"0":{"start":{"line":11,"column":15},"end":{"line":84,"column":1}},"1":{"start":{"line":12,"column":42},"end":{"line":12,"column":59}},"2":{"start":{"line":13,"column":23},"end":{"line":13,"column":40}},"3":{"start":{"line":15,"column":25},"end":{"line":15,"column":48}},"4":{"start":{"line":19,"column":19},"end":{"line":19,"column":59}},"5":{"start":{"line":19,"column":42},"end":{"line":19,"column":58}},"6":{"start":{"line":33,"column":2},"end":{"line":35,"column":21}},"7":{"start":{"line":37,"column":2},"end":{"line":83,"column":4}},"8":{"start":{"line":70,"column":14},"end":{"line":72,"column":43}}},"fnMap":{"0":{"name":"(anonymous_0)","decl":{"start":{"line":11,"column":15},"end":{"line":11,"column":16}},"loc":{"start":{"line":11,"column":21},"end":{"line":84,"column":1}},"line":11},"1":{"name":"(anonymous_1)","decl":{"start":{"line":19,"column":31},"end":{"line":19,"column":32}},"loc":{"start":{"line":19,"column":42},"end":{"line":19,"column":58}},"line":19},"2":{"name":"(anonymous_2)","decl":{"start":{"line":33,"column":12},"end":{"line":33,"column":13}},"loc":{"start":{"line":33,"column":18},"end":{"line":35,"column":3}},"line":33},"3":{"name":"(anonymous_3)","decl":{"start":{"line":69,"column":21},"end":{"line":69,"column":22}},"loc":{"start":{"line":69,"column":27},"end":{"line":75,"column":13}},"line":69}},"branchMap":{"0":{"loc":{"start":{"line":45,"column":27},"end":{"line":45,"column":52}},"type":"cond-expr","locations":[{"start":{"line":45,"column":42},"end":{"line":45,"column":45}},{"start":{"line":45,"column":48},"end":{"line":45,"column":52}}],"line":45},"1":{"loc":{"start":{"line":70,"column":14},"end":{"line":72,"column":42}},"type":"cond-expr","locations":[{"start":{"line":71,"column":18},"end":{"line":71,"column":43}},{"start":{"line":72,"column":18},"end":{"line":72,"column":42}}],"line":70}},"s":{"0":1,"1":4,"2":4,"3":4,"4":4,"5":7,"6":4,"7":4,"8":1},"f":{"0":4,"1":7,"2":4,"3":1},"b":{"0":[4,0],"1":[1,0]},"_coverageSchema":"1a1c01bbd47fc00a2c39e90264f33305004495a9","hash":"91306d67ffc4f14bf9038701cecf6e804f645962"}
,"C:\\Users\\mdasi\\OneDrive\\Desktop\\ReactNam\\src\\components\\sum.js": {"path":"C:\\Users\\mdasi\\OneDrive\\Desktop\\ReactNam\\src\\components\\sum.js","statementMap":{"0":{"start":{"line":1,"column":19},"end":{"line":3,"column":1}},"1":{"start":{"line":2,"column":1},"end":{"line":2,"column":14}}},"fnMap":{"0":{"name":"(anonymous_0)","decl":{"start":{"line":1,"column":19},"end":{"line":1,"column":20}},"loc":{"start":{"line":1,"column":29},"end":{"line":3,"column":1}},"line":1}},"branchMap":{},"s":{"0":1,"1":1},"f":{"0":1},"b":{},"_coverageSchema":"1a1c01bbd47fc00a2c39e90264f33305004495a9","hash":"87555413bbe5c4185d8a099bbc760317f4b70f37"}
,"C:\\Users\\mdasi\\OneDrive\\Desktop\\ReactNam\\src\\components\\utils\\UserContext.js": {"path":"C:\\Users\\mdasi\\OneDrive\\Desktop\\ReactNam\\src\\components\\utils\\UserContext.js","statementMap":{"0":{"start":{"line":3,"column":20},"end":{"line":5,"column":2}}},"fnMap":{},"branchMap":{},"s":{"0":1},"f":{},"b":{},"_coverageSchema":"1a1c01bbd47fc00a2c39e90264f33305004495a9","hash":"50a4f24c0a75a7e15d17c4f2647f5e9264ce7ac7"}
,"C:\\Users\\mdasi\\OneDrive\\Desktop\\ReactNam\\src\\components\\utils\\appStore.js": {"path":"C:\\Users\\mdasi\\OneDrive\\Desktop\\ReactNam\\src\\components\\utils\\appStore.js","statementMap":{"0":{"start":{"line":5,"column":17},"end":{"line":9,"column":2}}},"fnMap":{},"branchMap":{},"s":{"0":1},"f":{},"b":{},"_coverageSchema":"1a1c01bbd47fc00a2c39e90264f33305004495a9","hash":"2fde0577e7ce6907dfe826afb1fd24d63e115b3f"}
,"C:\\Users\\mdasi\\OneDrive\\Desktop\\ReactNam\\src\\components\\utils\\cartSlice.js": {"path":"C:\\Users\\mdasi\\OneDrive\\Desktop\\ReactNam\\src\\components\\utils\\cartSlice.js","statementMap":{"0":{"start":{"line":3,"column":18},"end":{"line":25,"column":2}},"1":{"start":{"line":11,"column":12},"end":{"line":11,"column":45}},"2":{"start":{"line":14,"column":12},"end":{"line":14,"column":30}},"3":{"start":{"line":18,"column":13},"end":{"line":18,"column":36}},"4":{"start":{"line":28,"column":51},"end":{"line":28,"column":68}}},"fnMap":{"0":{"name":"(anonymous_0)","decl":{"start":{"line":9,"column":18},"end":{"line":9,"column":19}},"loc":{"start":{"line":9,"column":37},"end":{"line":12,"column":9}},"line":9},"1":{"name":"(anonymous_1)","decl":{"start":{"line":13,"column":19},"end":{"line":13,"column":20}},"loc":{"start":{"line":13,"column":30},"end":{"line":15,"column":9}},"line":13},"2":{"name":"(anonymous_2)","decl":{"start":{"line":16,"column":18},"end":{"line":16,"column":19}},"loc":{"start":{"line":16,"column":29},"end":{"line":22,"column":9}},"line":16}},"branchMap":{},"s":{"0":1,"1":0,"2":0,"3":0,"4":1},"f":{"0":0,"1":0,"2":0},"b":{},"_coverageSchema":"1a1c01bbd47fc00a2c39e90264f33305004495a9","hash":"7b67b77b9c62b9fcecf1387948a335b41702a9ec"}
,"C:\\Users\\mdasi\\OneDrive\\Desktop\\ReactNam\\src\\components\\utils\\contsants.js": {"path":"C:\\Users\\mdasi\\OneDrive\\Desktop\\ReactNam\\src\\components\\utils\\contsants.js","statementMap":{"0":{"start":{"line":3,"column":1},"end":{"line":3,"column":85}},"1":{"start":{"line":6,"column":2},"end":{"line":6,"column":88}},"2":{"start":{"line":8,"column":26},"end":{"line":8,"column":148}}},"fnMap":{},"branchMap":{},"s":{"0":1,"1":1,"2":1},"f":{},"b":{},"_coverageSchema":"1a1c01bbd47fc00a2c39e90264f33305004495a9","hash":"a1dff2985caaa474eec42dae99c29f13ce634d74"}
,"C:\\Users\\mdasi\\OneDrive\\Desktop\\ReactNam\\src\\components\\utils\\useOnlineStatus.js": {"path":"C:\\Users\\mdasi\\OneDrive\\Desktop\\ReactNam\\src\\components\\utils\\useOnlineStatus.js","statementMap":{"0":{"start":{"line":3,"column":24},"end":{"line":20,"column":1}},"1":{"start":{"line":5,"column":43},"end":{"line":5,"column":57}},"2":{"start":{"line":7,"column":4},"end":{"line":16,"column":11}},"3":{"start":{"line":8,"column":8},"end":{"line":10,"column":11}},"4":{"start":{"line":9,"column":12},"end":{"line":9,"column":35}},"5":{"start":{"line":12,"column":12},"end":{"line":15,"column":15}},"6":{"start":{"line":13,"column":12},"end":{"line":13,"column":34}},"7":{"start":{"line":19,"column":4},"end":{"line":19,"column":24}}},"fnMap":{"0":{"name":"(anonymous_0)","decl":{"start":{"line":3,"column":24},"end":{"line":3,"column":25}},"loc":{"start":{"line":3,"column":30},"end":{"line":20,"column":1}},"line":3},"1":{"name":"(anonymous_1)","decl":{"start":{"line":7,"column":14},"end":{"line":7,"column":15}},"loc":{"start":{"line":7,"column":19},"end":{"line":16,"column":5}},"line":7},"2":{"name":"(anonymous_2)","decl":{"start":{"line":8,"column":43},"end":{"line":8,"column":44}},"loc":{"start":{"line":8,"column":48},"end":{"line":10,"column":9}},"line":8},"3":{"name":"(anonymous_3)","decl":{"start":{"line":12,"column":46},"end":{"line":12,"column":47}},"loc":{"start":{"line":12,"column":51},"end":{"line":15,"column":13}},"line":12}},"branchMap":{},"s":{"0":1,"1":4,"2":4,"3":3,"4":0,"5":3,"6":0,"7":4},"f":{"0":4,"1":3,"2":0,"3":0},"b":{},"_coverageSchema":"1a1c01bbd47fc00a2c39e90264f33305004495a9","hash":"901b14fdcdfc86b1639996304805e936f04b099b"}
}
