TN:
SF:src\components\Contact.js
FN:27,(anonymous_0)
FNF:1
FNH:1
FNDA:2,(anonymous_0)
DA:27,1
DA:28,2
LF:2
LH:2
BRF:0
BRH:0
end_of_record
TN:
SF:src\components\Header.js
FN:11,(anonymous_0)
FN:19,(anonymous_1)
FN:33,(anonymous_2)
FN:69,(anonymous_3)
FNF:4
FNH:4
FNDA:4,(anonymous_0)
FNDA:7,(anonymous_1)
FNDA:4,(anonymous_2)
FNDA:1,(anonymous_3)
DA:11,1
DA:12,4
DA:13,4
DA:15,4
DA:19,7
DA:33,4
DA:37,4
DA:70,1
LF:8
LH:8
BRDA:45,0,0,4
BRDA:45,0,1,0
BRDA:70,1,0,1
BRDA:70,1,1,0
BRF:4
BRH:2
end_of_record
TN:
SF:src\components\sum.js
FN:1,(anonymous_0)
FNF:1
FNH:1
FNDA:1,(anonymous_0)
DA:1,1
DA:2,1
LF:2
LH:2
BRF:0
BRH:0
end_of_record
TN:
SF:src\components\utils\UserContext.js
FNF:0
FNH:0
DA:3,1
LF:1
LH:1
BRF:0
BRH:0
end_of_record
TN:
SF:src\components\utils\appStore.js
FNF:0
FNH:0
DA:5,1
LF:1
LH:1
BRF:0
BRH:0
end_of_record
TN:
SF:src\components\utils\cartSlice.js
FN:9,(anonymous_0)
FN:13,(anonymous_1)
FN:16,(anonymous_2)
FNF:3
FNH:0
FNDA:0,(anonymous_0)
FNDA:0,(anonymous_1)
FNDA:0,(anonymous_2)
DA:3,1
DA:11,0
DA:14,0
DA:18,0
DA:28,1
LF:5
LH:2
BRF:0
BRH:0
end_of_record
TN:
SF:src\components\utils\contsants.js
FNF:0
FNH:0
DA:3,1
DA:6,1
DA:8,1
LF:3
LH:3
BRF:0
BRH:0
end_of_record
TN:
SF:src\components\utils\useOnlineStatus.js
FN:3,(anonymous_0)
FN:7,(anonymous_1)
FN:8,(anonymous_2)
FN:12,(anonymous_3)
FNF:4
FNH:2
FNDA:4,(anonymous_0)
FNDA:3,(anonymous_1)
FNDA:0,(anonymous_2)
FNDA:0,(anonymous_3)
DA:3,1
DA:5,4
DA:7,4
DA:8,3
DA:9,0
DA:12,3
DA:13,0
DA:19,4
LF:8
LH:6
BRF:0
BRH:0
end_of_record
